number,value,datetime_start,datetime_complete,duration,params_colsample_bytree,params_learning_rate,params_max_depth,params_min_child_samples,params_n_estimators,params_num_leaves,params_reg_alpha,params_reg_lambda,params_subsample,system_attrs_tpe:relative_params:0,state
0,0.8293842960913179,2026-09-28 22:52:40.373488,2026-09-28 22:52:42.985410,0 days 00:00:02.611922,0.5779972601681014,0.17854360608707254,5,128,280,25,0.0017073967431528124,2.915443189153755,0.6624074561769746,,COMPLETE
1,0.8482553534140107,2026-09-28 22:52:42.985441,2026-09-28 22:52:45.527869,0 days 00:00:02.542428,0.5909124836035503,0.02097077545038924,7,170,257,124,0.00541524411940254,0.016480446427978974,0.6849356442713105,,COMPLETE
2,0.8665126948215183,2026-09-28 22:52:45.527902,2026-09-28 22:52:47.578798,0 days 00:00:02.050896,0.6831809216468459,0.039107417325490494,6,45,160,42,0.06672367170464209,1.3826232179369866,0.7168578594140872,,COMPLETE
3,0.8275940288860716,2026-09-28 22:52:47.578826,2026-09-28 22:52:50.426495,0 days 00:00:02.847669,0.5325257964926398,0.07824283257099392,6,129,343,10,6.24513957474307,7.286653737491043,0.6682096494749166,,COMPLETE
4,0.8127856528876776,2026-09-28 22:52:50.426521,2026-09-28 22:52:51.788912,0 days 00:00:01.362391,0.7475884550556351,0.025043908574120786,5,99,177,24,0.0013726318898045872,4.33792069749094,0.6488152939379115,,COMPLETE
5,0.8435156843273555,2026-09-28 22:52:51.788947,2026-09-28 22:52:56.019926,0 days 00:00:04.230979,0.9847923138822793,0.04099596104190036,7,118,369,70,1.2604664585649463,5.727904470799624,0.6739417822102108,,COMPLETE
6,0.8052683904890264,2026-09-28 22:52:56.019955,2026-09-28 22:52:58.717806,0 days 00:00:02.697851,0.6626651653816322,0.16707221510623527,6,55,349,12,0.03586816498627549,0.01217295809836997,0.6180909155642152,,COMPLETE
7,0.8425789619185846,2026-09-28 22:52:58.717831,2026-09-28 22:53:00.400203,0 days 00:00:01.682372,0.5372753218398854,0.03819130560209075,5,45,159,21,8.862326508576256,1.227380098785297,0.9208787923016158,,COMPLETE
8,0.8286796627470963,2026-09-28 22:53:00.400232,2026-09-28 22:53:02.929912,0 days 00:00:02.529680,0.5370223258670452,0.1307649716903608,4,151,359,13,0.02715581955282941,0.0029072088906598446,0.9085081386743783,,COMPLETE
9,0.846444820401063,2026-09-28 22:53:02.929936,2026-09-28 22:53:05.304126,0 days 00:00:02.374190,0.864803089169032,0.04284774991289811,7,76,242,15,0.3550012525851162,3.538758864779242,0.7300733288106988,,COMPLETE
10,0.827310929257924,2026-09-28 22:53:05.304150,2026-09-28 22:53:07.541561,0 days 00:00:02.237411,0.5492494326302939,0.03551491272155099,5,32,190,29,0.7850986870325453,0.004016513006427672,0.6035549555020326,"{""colsample_bytree"": 0.5492494326302939, ""learning_rate"": 0.03551491272155099, ""max_depth"": 5, ""min_child_samples"": 32, ""n_estimators"": 190, ""reg_alpha"": 0.7850986870325453, ""reg_lambda"": 0.004016513006427672, ""subsample"": 0.6035549555020326}",COMPLETE
11,0.8675225943646996,2026-09-28 22:53:07.541587,2026-09-28 22:53:11.454596,0 days 00:00:03.913009,0.5723468121060264,0.022020085520894846,7,154,353,125,0.0018979197110889788,2.137112109334333,0.7212280715237248,"{""colsample_bytree"": 0.5723468121060264, ""learning_rate"": 0.022020085520894846, ""max_depth"": 7, ""min_child_samples"": 154, ""n_estimators"": 353, ""reg_alpha"": 0.0018979197110889788, ""reg_lambda"": 2.137112109334333, ""subsample"": 0.7212280715237248}",COMPLETE
12,0.8488696172248804,2026-09-28 22:53:11.454625,2026-09-28 22:53:13.386682,0 days 00:00:01.932057,0.582235963690491,0.026630027536671746,6,93,170,62,0.0025705251255889877,0.6759595834839235,0.8186805014370256,"{""colsample_bytree"": 0.582235963690491, ""learning_rate"": 0.026630027536671746, ""max_depth"": 6, ""min_child_samples"": 93, ""n_estimators"": 170, ""reg_alpha"": 0.0025705251255889877, ""reg_lambda"": 0.6759595834839235, ""subsample"": 0.8186805014370256}",COMPLETE
13,0.8553295133618737,2026-09-28 22:53:13.386707,2026-09-28 22:53:16.774887,0 days 00:00:03.388180,0.5349982623717624,0.020612556146145825,6,110,311,63,0.002423604995924921,1.5603085006334247,0.661894758140953,"{""colsample_bytree"": 0.5349982623717624, ""learning_rate"": 0.020612556146145825, ""max_depth"": 6, ""min_child_samples"": 110, ""n_estimators"": 311, ""reg_alpha"": 0.002423604995924921, ""reg_lambda"": 1.5603085006334247, ""subsample"": 0.661894758140953}",COMPLETE
14,0.8595361781076066,2026-09-28 22:53:16.774913,2026-09-28 22:53:20.667938,0 days 00:00:03.893025,0.598007768569105,0.02783465124048372,7,141,342,119,0.0011193321194317848,0.6301007192443047,0.811760808874524,"{""colsample_bytree"": 0.598007768569105, ""learning_rate"": 0.02783465124048372, ""max_depth"": 7, ""min_child_samples"": 141, ""n_estimators"": 342, ""reg_alpha"": 0.0011193321194317848, ""reg_lambda"": 0.6301007192443047, ""subsample"": 0.811760808874524}",COMPLETE
15,0.8563368983957218,2026-09-28 22:53:20.667963,2026-09-28 22:53:25.203492,0 days 00:00:04.535529,0.6403784545449815,0.024726893648295445,8,125,383,97,0.009449608331194796,0.471339294161803,0.6918714094301418,"{""colsample_bytree"": 0.6403784545449815, ""learning_rate"": 0.024726893648295445, ""max_depth"": 8, ""min_child_samples"": 125, ""n_estimators"": 383, ""reg_alpha"": 0.009449608331194796, ""reg_lambda"": 0.471339294161803, ""subsample"": 0.6918714094301418}",COMPLETE
16,0.840495659121304,2026-09-28 22:53:25.203517,2026-09-28 22:53:26.499282,0 days 00:00:01.295765,0.605596701525306,0.026965851719115537,7,112,132,44,0.001999142881384173,7.915737305960394,0.6283384399064895,"{""colsample_bytree"": 0.605596701525306, ""learning_rate"": 0.026965851719115537, ""max_depth"": 7, ""min_child_samples"": 112, ""n_estimators"": 132, ""reg_alpha"": 0.001999142881384173, ""reg_lambda"": 7.915737305960394, ""subsample"": 0.6283384399064895}",COMPLETE
17,0.8690783807062876,2026-09-28 22:53:26.499307,2026-09-28 22:53:28.352168,0 days 00:00:01.852861,0.7667082579525454,0.03817892529572055,7,71,140,94,0.04205851729771878,0.20345355885231564,0.7228178385351376,"{""colsample_bytree"": 0.7667082579525454, ""learning_rate"": 0.03817892529572055, ""max_depth"": 7, ""min_child_samples"": 71, ""n_estimators"": 140, ""reg_alpha"": 0.04205851729771878, ""reg_lambda"": 0.20345355885231564, ""subsample"": 0.7228178385351376}",COMPLETE
18,0.8740277891221288,2026-09-28 22:53:28.352192,2026-09-28 22:53:33.968995,0 days 00:00:05.616803,0.5256105091818309,0.03592150842244003,7,97,376,102,0.011309749238080908,0.2704666917794182,0.8742124870751511,"{""colsample_bytree"": 0.5256105091818309, ""learning_rate"": 0.03592150842244003, ""max_depth"": 7, ""min_child_samples"": 97, ""n_estimators"": 376, ""reg_alpha"": 0.011309749238080908, ""reg_lambda"": 0.2704666917794182, ""subsample"": 0.8742124870751511}",COMPLETE
19,0.8769459706959706,2026-09-28 22:53:33.969021,2026-09-28 22:53:39.000872,0 days 00:00:05.031851,0.6486560775577173,0.027389055154523726,8,98,331,98,0.03095750449744009,0.06595163369212881,0.9315702133976367,"{""colsample_bytree"": 0.6486560775577173, ""learning_rate"": 0.027389055154523726, ""max_depth"": 8, ""min_child_samples"": 98, ""n_estimators"": 331, ""reg_alpha"": 0.03095750449744009, ""reg_lambda"": 0.06595163369212881, ""subsample"": 0.9315702133976367}",COMPLETE
20,0.8517542699171563,2026-09-28 22:53:39.000901,2026-09-28 22:53:43.502216,0 days 00:00:04.501315,0.7310295339794178,0.04203986309532435,8,113,314,102,0.05396945115639015,0.06941587473669064,0.8779300436532672,"{""colsample_bytree"": 0.7310295339794178, ""learning_rate"": 0.04203986309532435, ""max_depth"": 8, ""min_child_samples"": 113, ""n_estimators"": 314, ""reg_alpha"": 0.05396945115639015, ""reg_lambda"": 0.06941587473669064, ""subsample"": 0.8779300436532672}",COMPLETE
21,0.8715585394364465,2026-09-28 22:53:43.502242,2026-09-28 22:53:49.523623,0 days 00:00:06.021381,0.5469142673843008,0.03155966655170541,7,90,393,91,0.011171917688606165,0.020262055484546845,0.8155410533030634,"{""colsample_bytree"": 0.5469142673843008, ""learning_rate"": 0.03155966655170541, ""max_depth"": 7, ""min_child_samples"": 90, ""n_estimators"": 393, ""reg_alpha"": 0.011171917688606165, ""reg_lambda"": 0.020262055484546845, ""subsample"": 0.8155410533030634}",COMPLETE
22,0.874554367201426,2026-09-28 22:53:49.523649,2026-09-28 22:53:54.254594,0 days 00:00:04.730945,0.5779903011849301,0.026981862835063083,7,87,323,82,0.002728144859374478,0.24563119665827324,0.8704248068745438,"{""colsample_bytree"": 0.5779903011849301, ""learning_rate"": 0.026981862835063083, ""max_depth"": 7, ""min_child_samples"": 87, ""n_estimators"": 323, ""reg_alpha"": 0.002728144859374478, ""reg_lambda"": 0.24563119665827324, ""subsample"": 0.8704248068745438}",COMPLETE
23,0.8542382523609056,2026-09-28 22:53:54.254619,2026-09-28 22:54:00.111750,0 days 00:00:05.857131,0.5418241315138588,0.041626578215100025,8,82,321,80,0.01309328891990286,0.06287386649909099,0.9273534382228338,"{""colsample_bytree"": 0.5418241315138588, ""learning_rate"": 0.041626578215100025, ""max_depth"": 8, ""min_child_samples"": 82, ""n_estimators"": 321, ""reg_alpha"": 0.01309328891990286, ""reg_lambda"": 0.06287386649909099, ""subsample"": 0.9273534382228338}",COMPLETE
24,0.8743519278096801,2026-09-28 22:54:00.111774,2026-09-28 22:54:04.342363,0 days 00:00:04.230589,0.5313302048208358,0.029842800201603324,6,106,346,61,0.010484986132811135,0.12612139213408272,0.869429996521907,"{""colsample_bytree"": 0.5313302048208358, ""learning_rate"": 0.029842800201603324, ""max_depth"": 6, ""min_child_samples"": 106, ""n_estimators"": 346, ""reg_alpha"": 0.010484986132811135, ""reg_lambda"": 0.12612139213408272, ""subsample"": 0.869429996521907}",COMPLETE
25,0.8636750483558994,2026-09-28 22:54:04.342394,2026-09-28 22:54:08.697908,0 days 00:00:04.355514,0.5728027446979737,0.02902788787010886,7,104,313,80,0.048961489274686826,0.11265050656516638,0.8856180140628199,"{""colsample_bytree"": 0.5728027446979737, ""learning_rate"": 0.02902788787010886, ""max_depth"": 7, ""min_child_samples"": 104, ""n_estimators"": 313, ""reg_alpha"": 0.048961489274686826, ""reg_lambda"": 0.11265050656516638, ""subsample"": 0.8856180140628199}",COMPLETE
26,0.8678006479893273,2026-09-28 22:54:08.697933,2026-09-28 22:54:13.907603,0 days 00:00:05.209670,0.623034836341087,0.02450540077886195,8,78,327,112,0.005411487680462585,0.019451747450848537,0.8614737256708372,"{""colsample_bytree"": 0.623034836341087, ""learning_rate"": 0.02450540077886195, ""max_depth"": 8, ""min_child_samples"": 78, ""n_estimators"": 327, ""reg_alpha"": 0.005411487680462585, ""reg_lambda"": 0.019451747450848537, ""subsample"": 0.8614737256708372}",COMPLETE
27,0.8383372784850618,2026-09-28 22:54:13.907630,2026-09-28 22:54:16.876849,0 days 00:00:02.969219,0.5842971435855548,0.024406494365516875,5,122,330,27,0.006469033804608628,0.13130888695409088,0.91986266915591,"{""colsample_bytree"": 0.5842971435855548, ""learning_rate"": 0.024406494365516875, ""max_depth"": 5, ""min_child_samples"": 122, ""n_estimators"": 330, ""reg_alpha"": 0.006469033804608628, ""reg_lambda"": 0.13130888695409088, ""subsample"": 0.91986266915591}",COMPLETE
28,0.870174215762451,2026-09-28 22:54:16.876879,2026-09-28 22:54:21.116423,0 days 00:00:04.239544,0.617146836613395,0.02162939355792809,8,100,296,83,0.0015546953900441997,0.1999312761825619,0.8448224500990675,"{""colsample_bytree"": 0.617146836613395, ""learning_rate"": 0.02162939355792809, ""max_depth"": 8, ""min_child_samples"": 100, ""n_estimators"": 296, ""reg_alpha"": 0.0015546953900441997, ""reg_lambda"": 0.1999312761825619, ""subsample"": 0.8448224500990675}",COMPLETE
29,0.8734531590413943,2026-09-28 22:54:21.116451,2026-09-28 22:54:24.907006,0 days 00:00:03.790555,0.5928295434890473,0.030931742699381204,7,92,288,49,0.004523648349022065,0.13960517759660707,0.7906953996793232,"{""colsample_bytree"": 0.5928295434890473, ""learning_rate"": 0.030931742699381204, ""max_depth"": 7, ""min_child_samples"": 92, ""n_estimators"": 288, ""reg_alpha"": 0.004523648349022065, ""reg_lambda"": 0.13960517759660707, ""subsample"": 0.7906953996793232}",COMPLETE
30,0.8673271173271173,2026-09-28 22:54:24.907033,2026-09-28 22:54:30.492562,0 days 00:00:05.585529,0.6818956517996371,0.027750246116909287,8,107,383,70,0.03520973240266539,0.08296572671412941,0.90197016753654,"{""colsample_bytree"": 0.6818956517996371, ""learning_rate"": 0.027750246116909287, ""max_depth"": 8, ""min_child_samples"": 107, ""n_estimators"": 383, ""reg_alpha"": 0.03520973240266539, ""reg_lambda"": 0.08296572671412941, ""subsample"": 0.90197016753654}",COMPLETE
31,0.8673798021624108,2026-09-28 22:54:30.492592,2026-09-28 22:54:35.342251,0 days 00:00:04.849659,0.5087466160252997,0.03630461965703776,6,86,385,52,0.003190386608698708,0.1203177524761058,0.8645019936383567,"{""colsample_bytree"": 0.5087466160252997, ""learning_rate"": 0.03630461965703776, ""max_depth"": 6, ""min_child_samples"": 86, ""n_estimators"": 385, ""reg_alpha"": 0.003190386608698708, ""reg_lambda"": 0.1203177524761058, ""subsample"": 0.8645019936383567}",COMPLETE
32,0.8798527568922305,2026-09-28 22:54:35.342280,2026-09-28 22:54:40.967220,0 days 00:00:05.624940,0.555118876217878,0.04576325823280901,8,114,372,113,0.008781970355697685,0.05216559986596922,0.8925368981047344,"{""colsample_bytree"": 0.555118876217878, ""learning_rate"": 0.04576325823280901, ""max_depth"": 8, ""min_child_samples"": 114, ""n_estimators"": 372, ""reg_alpha"": 0.008781970355697685, ""reg_lambda"": 0.05216559986596922, ""subsample"": 0.8925368981047344}",COMPLETE
33,0.8715909090909091,2026-09-28 22:54:40.967248,2026-09-28 22:54:45.882382,0 days 00:00:04.915134,0.5554553695376955,0.022122554410300078,7,103,353,111,0.019680632371447803,0.05187106651615649,0.9381598832046851,"{""colsample_bytree"": 0.5554553695376955, ""learning_rate"": 0.022122554410300078, ""max_depth"": 7, ""min_child_samples"": 103, ""n_estimators"": 353, ""reg_alpha"": 0.019680632371447803, ""reg_lambda"": 0.05187106651615649, ""subsample"": 0.9381598832046851}",COMPLETE
34,0.8827393847629741,2026-09-28 22:54:45.882408,2026-09-28 22:54:50.340011,0 days 00:00:04.457603,0.6456488574489608,0.033686403295555147,8,99,315,110,0.02967552721667268,0.25067760880662976,0.9691272068386685,"{""colsample_bytree"": 0.6456488574489608, ""learning_rate"": 0.033686403295555147, ""max_depth"": 8, ""min_child_samples"": 99, ""n_estimators"": 315, ""reg_alpha"": 0.02967552721667268, ""reg_lambda"": 0.25067760880662976, ""subsample"": 0.9691272068386685}",COMPLETE
35,0.8420143499678732,2026-09-28 22:54:50.340039,2026-09-28 22:54:54.564330,0 days 00:00:04.224291,0.6397837110941837,0.044647716981897505,7,77,320,112,0.013065242338591448,0.11887212452525282,0.9320776862851995,"{""colsample_bytree"": 0.6397837110941837, ""learning_rate"": 0.044647716981897505, ""max_depth"": 7, ""min_child_samples"": 77, ""n_estimators"": 320, ""reg_alpha"": 0.013065242338591448, ""reg_lambda"": 0.11887212452525282, ""subsample"": 0.9320776862851995}",COMPLETE
36,0.8584974230210123,2026-09-28 22:54:54.564358,2026-09-28 22:54:59.791946,0 days 00:00:05.227588,0.5807776041740437,0.05152152572250756,8,144,395,118,0.010372133258049315,0.060822561641586205,0.9165910413114611,"{""colsample_bytree"": 0.5807776041740437, ""learning_rate"": 0.05152152572250756, ""max_depth"": 8, ""min_child_samples"": 144, ""n_estimators"": 395, ""reg_alpha"": 0.010372133258049315, ""reg_lambda"": 0.060822561641586205, ""subsample"": 0.9165910413114611}",COMPLETE
37,0.8740745707266359,2026-09-28 22:54:59.792037,2026-09-28 22:55:03.900750,0 days 00:00:04.108713,0.6948923800186368,0.027596774523217658,7,96,319,103,0.05095708032530973,0.02944026225949281,0.9724979519711842,"{""colsample_bytree"": 0.6948923800186368, ""learning_rate"": 0.027596774523217658, ""max_depth"": 7, ""min_child_samples"": 96, ""n_estimators"": 319, ""reg_alpha"": 0.05095708032530973, ""reg_lambda"": 0.02944026225949281, ""subsample"": 0.9724979519711842}",COMPLETE
38,0.8257834757834758,2026-09-28 22:55:03.900778,2026-09-28 22:55:10.716830,0 days 00:00:06.816052,0.6739086601003244,0.03611393028655776,8,100,303,88,0.008541733190259975,0.12022503796594056,0.9632780238231055,"{""colsample_bytree"": 0.6739086601003244, ""learning_rate"": 0.03611393028655776, ""max_depth"": 8, ""min_child_samples"": 100, ""n_estimators"": 303, ""reg_alpha"": 0.008541733190259975, ""reg_lambda"": 0.12022503796594056, ""subsample"": 0.9632780238231055}",COMPLETE
39,0.8458469709820498,2026-09-28 22:55:10.716983,2026-09-28 22:55:15.136708,0 days 00:00:04.419725,0.6463279972904024,0.04546925594363815,7,119,314,108,0.014756284073247274,0.12939522991727864,0.9646926151501378,"{""colsample_bytree"": 0.6463279972904024, ""learning_rate"": 0.04546925594363815, ""max_depth"": 7, ""min_child_samples"": 119, ""n_estimators"": 314, ""reg_alpha"": 0.014756284073247274, ""reg_lambda"": 0.12939522991727864, ""subsample"": 0.9646926151501378}",COMPLETE
