number,value,datetime_start,datetime_complete,duration,params_depth,params_iterations,params_l2_leaf_reg,params_learning_rate,system_attrs_tpe:relative_params:0,state
0,0.8304238056190927,2026-09-28 22:55:15.155994,2026-09-28 22:55:30.503381,0 days 00:00:15.347387,8,350,6.387926357773329,0.08741169448864673,,COMPLETE
1,0.8273540489642184,2026-09-28 22:55:30.503422,2026-09-28 22:55:33.609855,0 days 00:00:03.106433,4,262,8.795585311974417,0.0224831270535195,,COMPLETE
2,0.8697302763712483,2026-09-28 22:55:33.609894,2026-09-28 22:55:44.666574,0 days 00:00:11.056680,7,441,9.72918866945795,0.020846957895078073,,COMPLETE
3,0.8711116264687694,2026-09-28 22:55:44.666612,2026-09-28 22:55:51.473702,0 days 00:00:06.807090,5,533,2.650640588680904,0.028849479442089675,,COMPLETE
4,0.8675588431484658,2026-09-28 22:55:51.473737,2026-09-28 22:55:56.863808,0 days 00:00:05.390071,6,322,3.6210622617823773,0.047753845433560704,,COMPLETE
5,0.8431959018425185,2026-09-28 22:55:56.863845,2026-09-28 22:56:01.328229,0 days 00:00:04.464384,4,445,4.297256589643226,0.03603084612270474,,COMPLETE
6,0.8495536771282752,2026-09-28 22:56:01.328268,2026-09-28 22:56:12.753098,0 days 00:00:11.424830,7,382,5.628109945722504,0.0299058938693663,,COMPLETE
7,0.8398699554507338,2026-09-28 22:56:12.753331,2026-09-28 22:56:16.509317,0 days 00:00:03.755986,4,437,2.5347171131856236,0.0680250643581967,,COMPLETE
8,0.8402210979427549,2026-09-28 22:56:16.509348,2026-09-28 22:56:24.371845,0 days 00:00:07.862497,8,226,8.27557613304815,0.13996426971690923,,COMPLETE
9,0.8427113906359189,2026-09-28 22:56:24.371907,2026-09-28 22:56:27.278097,0 days 00:00:02.906190,4,322,4.961372443656412,0.07939182993606525,,COMPLETE
10,0.8799492174492174,2026-09-28 22:56:27.278126,2026-09-28 22:56:33.336906,0 days 00:00:06.058780,5,587,7.298875089294377,0.021137825040694082,"{""depth"": 5, ""iterations"": 587, ""l2_leaf_reg"": 7.298875089294377, ""learning_rate"": 0.021137825040694082}",COMPLETE
11,0.8773563637468478,2026-09-28 22:56:33.336940,2026-09-28 22:56:41.121947,0 days 00:00:07.785007,6,575,6.530356373346425,0.022878528720862965,"{""depth"": 6, ""iterations"": 575, ""l2_leaf_reg"": 6.530356373346425, ""learning_rate"": 0.022878528720862965}",COMPLETE
12,0.877840909090909,2026-09-28 22:56:41.121978,2026-09-28 22:56:46.688741,0 days 00:00:05.566763,5,576,6.513040303166998,0.028502296063929747,"{""depth"": 5, ""iterations"": 576, ""l2_leaf_reg"": 6.513040303166998, ""learning_rate"": 0.028502296063929747}",COMPLETE
13,0.8685427284579827,2026-09-28 22:56:46.688777,2026-09-28 22:56:54.163365,0 days 00:00:07.474588,6,527,8.272498512029255,0.06192674590947227,"{""depth"": 6, ""iterations"": 527, ""l2_leaf_reg"": 8.272498512029255, ""learning_rate"": 0.06192674590947227}",COMPLETE
14,0.8446484071484072,2026-09-28 22:56:54.163400,2026-09-28 22:57:05.327892,0 days 00:00:11.164492,4,551,6.0298432067613765,0.038638698130427584,"{""depth"": 4, ""iterations"": 551, ""l2_leaf_reg"": 6.0298432067613765, ""learning_rate"": 0.038638698130427584}",COMPLETE
